INFO 2024-06-24 21:49:16,469 autoreload 9496 9500 Watching for file changes with StatReloader
INFO 2024-06-24 21:49:25,582 basehttp 9496 3852 "GET /info/ HTTP/1.1" 200 720
INFO 2024-06-24 21:49:26,804 basehttp 9496 3852 "GET /info/about/ HTTP/1.1" 200 455
INFO 2024-06-24 21:49:28,555 basehttp 9496 3852 "GET /info/ HTTP/1.1" 200 720
INFO 2024-06-24 21:49:33,854 basehttp 9496 3852 "GET /game/kubik HTTP/1.1" 301 0
INFO 2024-06-24 21:49:33,856 basehttp 9496 13488 "GET /game/kubik/ HTTP/1.1" 200 1
INFO 2024-06-24 21:49:35,782 basehttp 9496 13488 "GET /game/kubik/ HTTP/1.1" 200 1
INFO 2024-06-24 21:50:08,318 autoreload 9496 9500 D:\Book\PyFolder\gb_django\myproject\gameapp\views.py changed, reloading.
INFO 2024-06-24 21:50:08,614 autoreload 3012 10452 Watching for file changes with StatReloader
INFO 2024-06-26 11:38:13,914 autoreload 5588 14032 Watching for file changes with StatReloader
WARNING 2024-06-26 11:38:21,357 log 5588 652 Not Found: /
WARNING 2024-06-26 11:38:21,359 basehttp 5588 652 "GET / HTTP/1.1" 404 2272
WARNING 2024-06-26 11:38:21,497 log 5588 652 Not Found: /favicon.ico
WARNING 2024-06-26 11:38:21,497 basehttp 5588 652 "GET /favicon.ico HTTP/1.1" 404 2323
WARNING 2024-06-26 11:38:26,185 log 5588 652 Not Found: /
WARNING 2024-06-26 11:38:26,186 basehttp 5588 652 "GET / HTTP/1.1" 404 2272
INFO 2024-06-26 11:39:25,873 basehttp 5588 652 "GET /info HTTP/1.1" 301 0
INFO 2024-06-26 11:39:25,928 basehttp 5588 8788 "GET /info/ HTTP/1.1" 200 720
INFO 2024-06-26 11:39:28,991 basehttp 5588 8788 "GET /info/about/ HTTP/1.1" 200 455
INFO 2024-06-26 11:39:30,153 basehttp 5588 8788 "GET /info/ HTTP/1.1" 200 720
INFO 2024-06-26 11:39:32,312 basehttp 5588 8788 "GET /info/about/ HTTP/1.1" 200 455
INFO 2024-06-26 11:40:08,222 autoreload 5588 14032 D:\My\Book\PyFolder\gb_django\myproject\infoapp\views.py changed, reloading.
INFO 2024-06-26 11:40:09,516 autoreload 7096 752 Watching for file changes with StatReloader
INFO 2024-06-26 11:40:12,480 basehttp 7096 6280 "GET /info/about/ HTTP/1.1" 200 455
INFO 2024-06-26 11:40:15,129 basehttp 7096 6280 "GET /info/ HTTP/1.1" 200 720
INFO 2024-06-26 11:40:18,436 basehttp 7096 6280 "GET /info/about/ HTTP/1.1" 200 455
INFO 2024-06-26 11:40:26,688 autoreload 7096 752 D:\My\Book\PyFolder\gb_django\myproject\infoapp\views.py changed, reloading.
INFO 2024-06-26 11:40:27,771 autoreload 13800 8564 Watching for file changes with StatReloader
INFO 2024-06-26 11:49:20,436 basehttp 13800 8668 "GET /info/about/ HTTP/1.1" 200 468
INFO 2024-06-26 11:49:22,538 basehttp 13800 8668 "GET /info/ HTTP/1.1" 200 720
INFO 2024-06-26 11:57:32,964 autoreload 6604 2020 Watching for file changes with StatReloader
INFO 2024-06-26 11:58:27,595 autoreload 6604 2020 D:\My\Book\PyFolder\gb_django\myproject\marketapp\urls.py changed, reloading.
INFO 2024-06-26 11:58:28,369 autoreload 10920 12496 Watching for file changes with StatReloader
INFO 2024-06-26 11:58:43,529 autoreload 10920 12496 D:\My\Book\PyFolder\gb_django\myproject\marketapp\urls.py changed, reloading.
INFO 2024-06-26 11:58:44,295 autoreload 9312 1232 Watching for file changes with StatReloader
INFO 2024-06-26 11:58:48,218 basehttp 9312 5588 "GET /market/ HTTP/1.1" 200 720
INFO 2024-06-26 12:00:58,383 autoreload 9312 1232 D:\My\Book\PyFolder\gb_django\myproject\marketapp\models.py changed, reloading.
INFO 2024-06-26 12:00:59,253 autoreload 5848 844 Watching for file changes with StatReloader
INFO 2024-06-26 14:11:54,394 autoreload 11904 10924 Watching for file changes with StatReloader
